GPSLocalService/proguard/seeds.txt
com.OsMoDroid.AboutActivity
com.OsMoDroid.BootComplitedReceiver
com.OsMoDroid.BootComplitedReceiver: BootComplitedReceiver()
com.OsMoDroid.ChannelDevicesFragment
com.OsMoDroid.ChannelsFragment
com.OsMoDroid.DeviceChatFragment
com.OsMoDroid.DevicesFragment
com.OsMoDroid.GPSLocalServiceClient
com.OsMoDroid.GPSLocalServiceClient: GPSLocalServiceClient()
com.OsMoDroid.LocalService
com.OsMoDroid.LocalService: LocalService()
com.OsMoDroid.MainFragment
com.OsMoDroid.MapFragment
com.OsMoDroid.NotifFragment
com.OsMoDroid.OsMoDroid
com.OsMoDroid.OsMoDroid: OsMoDroid()
com.OsMoDroid.PrefActivity
com.OsMoDroid.PrefActivity: PrefActivity()
com.OsMoDroid.SimLinksFragment
com.OsMoDroid.StatFragment
com.OsMoDroid.TracFileListFragment
com.OsMoDroid.WarnActivity
com.OsMoDroid.WarnActivity: WarnActivity()
...
com.actionbarsherlock.widget.ActivityChooserModel
com.actionbarsherlock.widget.ActivityChooserModel: boolean DEBUG
com.actionbarsherlock.widget.ActivityChooserModel: java.lang.String LOG_TAG
com.actionbarsherlock.widget.ActivityChooserModel: java.lang.String TAG_HISTORICAL_RECORDS
com.actionbarsherlock.widget.ActivityChooserModel: java.lang.String TAG_HISTORICAL_RECORD
com.actionbarsherlock.widget.ActivityChooserModel: java.lang.String ATTRIBUTE_ACTIVITY
com.actionbarsherlock.widget.ActivityChooserModel: java.lang.String ATTRIBUTE_TIME
com.actionbarsherlock.widget.ActivityChooserModel: java.lang.String ATTRIBUTE_WEIGHT
com.actionbarsherlock.widget.ActivityChooserModel: java.lang.String DEFAULT_HISTORY_FILE_NAME
com.actionbarsherlock.widget.ActivityChooserModel: int DEFAULT_HISTORY_MAX_LENGTH
com.actionbarsherlock.widget.ActivityChooserModel: int DEFAULT_ACTIVITY_INFLATION
com.actionbarsherlock.widget.ActivityChooserModel: float DEFAULT_HISTORICAL_RECORD_WEIGHT
com.actionbarsherlock.widget.ActivityChooserModel: java.lang.String HISTORY_FILE_EXTENSION
com.actionbarsherlock.widget.ActivityChooserModel: int INVALID_INDEX
com.actionbarsherlock.widget.ActivityChooserModel: java.lang.Object sRegistryLock
com.actionbarsherlock.widget.ActivityChooserModel: java.util.Map sDataModelRegistry
com.actionbarsherlock.widget.ActivityChooserModel: java.lang.Object mInstanceLock
com.actionbarsherlock.widget.ActivityChooserModel: java.util.List mActivites
com.actionbarsherlock.widget.ActivityChooserModel$ActivityChooserModelClient
com.actionbarsherlock.widget.ActivityChooserModel$ActivityChooserModelClient: void setActivityChooserModel(com.actionbarsherlock.widget.ActivityChooserModel)
com.actionbarsherlock.widget.ActivityChooserModel$ActivityResolveInfo
com.actionbarsherlock.widget.ActivityChooserModel$ActivityResolveInfo: android.content.pm.ResolveInfo resolveInfo
com.actionbarsherlock.widget.ActivityChooserModel$ActivityResolveInfo: float weight
com.actionbarsherlock.widget.ActivityChooserModel$ActivityResolveInfo: com.actionbarsherlock.widget.ActivityChooserModel this$0
com.actionbarsherlock.widget.ActivityChooserModel$ActivityResolveInfo: ActivityChooserModel$ActivityResolveInfo(com.actionbarsherlock.widget.ActivityChooserModel,android.content.pm.ResolveInfo)
com.actionbarsherlock.widget.ActivityChooserModel$ActivityResolveInfo: int hashCode()
com.actionbarsherlock.widget.ActivityChooserModel$ActivityResolveInfo: boolean equals(java.lang.Object)
com.actionbarsherlock.widget.ActivityChooserModel$ActivityResolveInfo: int compareTo(com.actionbarsherlock.widget.ActivityChooserModel$ActivityResolveInfo)
com.actionbarsherlock.widget.ActivityChooserModel$ActivityResolveInfo: java.lang.String toString()
com.actionbarsherlock.widget.ActivityChooserModel$ActivityResolveInfo: int compareTo(java.lang.Object)
com.actionbarsherlock.widget.ActivityChooserModel$ActivitySorter
com.actionbarsherlock.widget.ActivityChooserModel$ActivitySorter: void sort(android.content.Intent,java.util.List,java.util.List)
com.actionbarsherlock.widget.ActivityChooserModel$DefaultSorter
com.actionbarsherlock.widget.ActivityChooserModel$DefaultSorter: float WEIGHT_DECAY_COEFFICIENT
com.actionbarsherlock.widget.ActivityChooserModel$DefaultSorter: java.util.Map mPackageNameToActivityMap
com.actionbarsherlock.widget.ActivityChooserModel$DefaultSorter: com.actionbarsherlock.widget.ActivityChooserModel this$0
com.actionbarsherlock.widget.ActivityChooserModel$DefaultSorter: ActivityChooserModel$DefaultSorter(com.actionbarsherlock.widget.ActivityChooserModel)
com.actionbarsherlock.widget.ActivityChooserModel$DefaultSorter: void sort(android.content.Intent,java.util.List,java.util.List)
com.actionbarsherlock.widget.ActivityChooserModel$DefaultSorter: ActivityChooserModel$DefaultSorter(com.actionbarsherlock.widget.ActivityChooserModel,com.actionbarsherlock.widget.ActivityChooserModel$DefaultSorter)