GPSLocalService/proguard/mapping.txt
com.OsMoDroid.APIComResult -> com.OsMoDroid.a:
    org.json.JSONObject Jo -> a
    java.lang.String Command -> b
    org.json.JSONArray ja -> c
    java.lang.String rawresponse -> d
    java.lang.String url -> e
    java.lang.String post -> f
    int notificationid -> g
    com.OsMoDroid.ColoredGPX load -> h
com.OsMoDroid.APIcomParams -> com.OsMoDroid.b:
    java.lang.String action -> a
    java.lang.String post -> b
    java.lang.String command -> c
    java.io.File uploadfile -> d
    android.support.v4.app.NotificationCompat$Builder notificationBuilder -> e
    int notification -> f
    com.OsMoDroid.ColoredGPX load -> g
com.OsMoDroid.AboutActivity -> com.OsMoDroid.AboutActivity:
    21:25:void onCreate(android.os.Bundle) -> onCreate
    30:31:void onDestroy() -> onDestroy
    37:38:void onPause() -> onPause
    45:46:void onResume() -> onResume
com.OsMoDroid.BootComplitedReceiver -> com.OsMoDroid.BootComplitedReceiver:
    13:21:void onReceive(android.content.Context,android.content.Intent) -> onReceive
com.OsMoDroid.Channel -> com.OsMoDroid.c:
    java.util.ArrayList gpxList -> a
    java.lang.String name -> b
    int u -> c
    java.lang.String created -> d
    java.lang.String ch -> e
    java.lang.String url -> f
    java.util.List deviceList -> g
    java.util.List messagesstringList -> h
    java.util.ArrayList pointList -> i
    java.lang.Boolean connected -> j
    java.lang.Boolean send -> k
    com.OsMoDroid.LocalService localService -> l
    com.OsMoDroid.ResultsListener gpxdownloadListener -> m
    boolean chatconnected -> n
    75:81:void addtrack(com.OsMoDroid.ColoredGPX) -> a
    161:167:boolean equals(java.lang.Object) -> equals
    244:244:java.lang.String toString() -> toString
    248:257:void getPointList(org.json.JSONArray) -> a
com.OsMoDroid.Channel$1 -> com.OsMoDroid.c$1:
    com.OsMoDroid.Channel this$0 -> a
    45:49:void onResultsSucceeded(com.OsMoDroid.APIComResult) -> a
com.OsMoDroid.Channel$Point -> com.OsMoDroid.d:
    int u -> a
    float lat -> b
    float lon -> c
    java.lang.String name -> d
    java.lang.String description -> e
    java.lang.String color -> f
    com.OsMoDroid.Channel this$0 -> g
com.OsMoDroid.ChannelDevicesFragment -> com.OsMoDroid.ChannelDevicesFragment:
    java.util.ArrayList t -> a
    android.widget.ListView lv1 -> b
    android.widget.ListView lv2 -> c
    android.widget.Button sendButton -> d
    android.widget.EditText input -> e
    java.text.SimpleDateFormat sdf1 -> f
    com.OsMoDroid.GPSLocalServiceClient globalActivity -> g
    int channelpos -> h
    51:53:void onActivityCreated(android.os.Bundle) -> onActivityCreated
    57:71:boolean onContextItemSelected(android.view.MenuItem) -> onContextItemSelected
    76:80:void onDestroyView() -> onDestroyView
    85:87:void onCreateContextMenu(android.view.ContextMenu,android.view.View,android.view.ContextMenu$ContextMenuInfo) -> onCreateContextMenu
    106:112:void onDestroy() -> onDestroy
    116:121:void onCreate(android.os.Bundle) -> onCreate
    125:128:void onAttach(android.app.Activity) -> onAttach
    131:136:void onDetach() -> onDetach
    139:144:void onResume() -> onResume
    148:153:void onCreateOptionsMenu(com.actionbarsherlock.view.Menu,com.actionbarsherlock.view.MenuInflater) -> onCreateOptionsMenu
    160:163:void onPause() -> onPause
    167:172:boolean onOptionsItemSelected(com.actionbarsherlock.view.MenuItem) -> onOptionsItemSelected
    181:268:android.view.View onCreateView(android.view.LayoutInflater,android.view.ViewGroup,android.os.Bundle) -> onCreateView
    279:329:void onResultsSucceeded(com.OsMoDroid.APIComResult) -> a
com.OsMoDroid.ChannelDevicesFragment$1 -> com.OsMoDroid.ChannelDevicesFragment$1:
    com.OsMoDroid.ChannelDevicesFragment this$0 -> a
    212:238:void onClick(android.view.View) -> onClick
...
android.support.v4.view.ViewGroupCompat$ViewGroupCompatJellybeanMR2Impl -> android.support.v4.view.at:
android.support.v4.view.ViewGroupCompat$ViewGroupCompatStubImpl -> android.support.v4.view.au:
    63:63:void setMotionEventSplittingEnabled$4d3af60(android.view.ViewGroup) -> a
android.support.v4.view.ViewPager -> android.support.v4.view.ViewPager:
    int[] LAYOUT_ATTRS -> a
    int mExpectedAdapterCount -> b
    java.util.Comparator COMPARATOR -> c
    android.view.animation.Interpolator sInterpolator -> d
    java.util.ArrayList mItems -> e
    android.support.v4.view.ViewPager$ItemInfo mTempItem -> f
    android.graphics.Rect mTempRect -> g
    android.support.v4.view.PagerAdapter mAdapter -> h
    int mCurItem -> i
    int mRestoredCurItem -> j
    android.os.Parcelable mRestoredAdapterState -> k
    java.lang.ClassLoader mRestoredClassLoader -> l
    android.widget.Scroller mScroller -> m
    int mPageMargin -> n
    android.graphics.drawable.Drawable mMarginDrawable -> o
    int mTopPageBounds -> p
    int mBottomPageBounds -> q
    float mFirstOffset -> r
    float mLastOffset -> s
    int mChildWidthMeasureSpec -> t
    int mChildHeightMeasureSpec -> u
    boolean mInLayout -> v
    boolean mScrollingCacheEnabled -> w
    boolean mPopulatePending -> x
    int mOffscreenPageLimit -> y
    boolean mIsBeingDragged -> z
    boolean mIsUnableToDrag -> A
    int mDefaultGutterSize -> B
    int mGutterSize -> C
    int mTouchSlop -> D
    float mLastMotionX -> E
    float mLastMotionY -> F
    float mInitialMotionX -> G
    float mInitialMotionY -> H
    int mActivePointerId -> I
    android.view.VelocityTracker mVelocityTracker -> J
    int mMinimumVelocity -> K
    int mMaximumVelocity -> L
    int mFlingDistance -> M
    int mCloseEnough -> N
android.support.v4.view.ViewPager$1 -> android.support.v4.view.ViewPager$1:
    116:116:int compare(java.lang.Object,java.lang.Object) -> compare
android.support.v4.view.ViewPager$2 -> android.support.v4.view.ViewPager$2:
    125:126:float getInterpolation(float) -> getInterpolation
android.support.v4.view.ViewPager$Decor -> android.support.v4.view.av:
android.support.v4.view.ViewPager$ItemInfo -> android.support.v4.view.aw:
    java.lang.Object object -> a
    int position -> b
    boolean scrolling -> c
    float widthFactor -> d
    float offset -> e
android.support.v4.view.ViewPager$LayoutParams -> android.support.v4.view.ax:
    boolean isDecor -> a
    int gravity -> b
    float widthFactor -> c
    boolean needsMeasure -> d
    int position -> e
    int childIndex -> f
android.support.v4.view.ViewPager$OnAdapterChangeListener -> android.support.v4.view.ay:
android.support.v4.view.ViewPager$OnPageChangeListener -> android.support.v4.view.az:
    void onPageScrolled$486775f1(int,float) -> a
    void onPageSelected$13462e() -> a
    void onPageScrollStateChanged(int) -> a
android.support.v4.view.ViewPager$PageTransformer -> android.support.v4.view.ba:
android.support.v4.view.ViewPager$SavedState -> android.support.v4.view.ViewPager$SavedState:
    int position -> a
    android.os.Parcelable adapterState -> b
    java.lang.ClassLoader loader -> c
    android.os.Parcelable$Creator CREATOR -> CREATOR
    1224:1227:void writeToParcel(android.os.Parcel,int) -> writeToParcel
    1231:1231:java.lang.String toString() -> toString
android.support.v4.view.ViewPager$SavedState$1 -> android.support.v4.view.ViewPager$SavedState$1:
    1237:1237:java.lang.Object[] newArray(int) -> a
    1237:1237:java.lang.Object createFromParcel(android.os.Parcel,java.lang.ClassLoader) -> a
android.support.v4.view.ViewPager$ViewPositionComparator -> android.support.v4.view.bb:
    2879:2879:int compare(java.lang.Object,java.lang.Object) -> compare