GPSLocalService/proguard/usage.txt
com.OsMoDroid.BuildConfig
com.OsMoDroid.Device:
    public java.lang.String ch
com.OsMoDroid.DeviceChatFragment:
com.OsMoDroid.DevicesFragment:
com.OsMoDroid.ExceptionHandler:
com.OsMoDroid.GPSLocalServiceClient:
com.OsMoDroid.IM:
    private static final int RECONNECT_TIMEOUT
    private static final int KEEP_ALIVE
    private static final java.lang.String RECONNECT_INTENT
    private static final java.lang.String KEEPALIVE_INTENT
    private java.net.HttpURLConnection con
    private java.io.InputStream instream
    java.lang.String adr
    java.lang.Thread myThread
    java.lang.String myLongPollCh
    java.io.FileOutputStream fos
com.OsMoDroid.IRemoteOsMoDroidListener$Stub:
    private static final java.lang.String DESCRIPTOR
    static final int TRANSACTION_channelUpdated
    static final int TRANSACTION_channelsListUpdated
    static final int TRANSACTION_routeTo
com.OsMoDroid.IRemoteOsMoDroidListener$Stub$Proxy:
com.OsMoDroid.IRemoteOsMoDroidService$Stub:
    private static final java.lang.String DESCRIPTOR
    static final int TRANSACTION_registerListener
    static final int TRANSACTION_unregisterListener
    static final int TRANSACTION_getVersion
    static final int TRANSACTION_getBackwardCompatibleVersion
    static final int TRANSACTION_Deactivate
    static final int TRANSACTION_Activate
    static final int TRANSACTION_isActive
    static final int TRANSACTION_getNumberOfLayers
    static final int TRANSACTION_getLayerId
    static final int TRANSACTION_getLayerName
    static final int TRANSACTION_getLayerDescription
    static final int TRANSACTION_getNumberOfObjects
    static final int TRANSACTION_getObjectId
    static final int TRANSACTION_getObjectLat
    static final int TRANSACTION_getObjectLon
    static final int TRANSACTION_getObjectSpeed
    static final int TRANSACTION_getObjectName
    static final int TRANSACTION_getObjectDescription
    static final int TRANSACTION_getObjectColor
    static final int TRANSACTION_getNumberOfGpx
    static final int TRANSACTION_getGpxFile
    static final int TRANSACTION_getGpxColor
    static final int TRANSACTION_getNumberOfPoints
    static final int TRANSACTION_getPointId
    static final int TRANSACTION_getPointLat
    static final int TRANSACTION_getPointLon
    static final int TRANSACTION_getPointName
    static final int TRANSACTION_getPointDescription
    static final int TRANSACTION_getPointColor
com.OsMoDroid.IRemoteOsMoDroidService$Stub$Proxy
com.OsMoDroid.LocalService:
    private static final int OSMODROID_ID
    private java.lang.String pass
    int gpsperiod
    int gpsdistance
    java.lang.String text
    private de.tavendo.autobahn.WebSocket$ConnectionHandler c
    private de.tavendo.autobahn.WebSocketOptions o
com.OsMoDroid.Netutil:
com.OsMoDroid.OsMoDroid:
    private static final int MIN_UPLOAD_ID
    private static final int MAX_UPLOAD_ID
    public static final int warnnotifyid
    public static final int mesnotifyid
    public static final java.lang.String NOTIFIESFILENAME
    public static final java.lang.String DEVLIST
com.OsMoDroid.R
com.OsMoDroid.R$attr
com.OsMoDroid.R$bool
com.OsMoDroid.R$color
com.OsMoDroid.R$dimen
com.OsMoDroid.R$drawable
com.OsMoDroid.R$id
com.OsMoDroid.R$integer
com.OsMoDroid.R$layout
com.OsMoDroid.R$raw
com.OsMoDroid.R$string
com.OsMoDroid.R$style
com.OsMoDroid.R$styleable
com.OsMoDroid.R$xml
com.OsMoDroid.SerializableHolder
...
android.support.v4.net.ConnectivityManagerCompatJellyBean
android.support.v4.net.TrafficStatsCompat
android.support.v4.net.TrafficStatsCompat$1
android.support.v4.net.TrafficStatsCompat$BaseTrafficStatsCompatImpl
android.support.v4.net.TrafficStatsCompat$BaseTrafficStatsCompatImpl$1
android.support.v4.net.TrafficStatsCompat$BaseTrafficStatsCompatImpl$SocketTags
android.support.v4.net.TrafficStatsCompat$IcsTrafficStatsCompatImpl
android.support.v4.net.TrafficStatsCompat$TrafficStatsCompatImpl
android.support.v4.net.TrafficStatsCompatIcs
android.support.v4.os.EnvironmentCompat
android.support.v4.os.EnvironmentCompatKitKat
android.support.v4.os.ParcelableCompat:
====    26:42:public ParcelableCompat()
android.support.v4.os.ParcelableCompatCreatorHoneycombMR2Stub:
====    22:22:ParcelableCompatCreatorHoneycombMR2Stub()
android.support.v4.print.PrintHelper
android.support.v4.print.PrintHelper$1
android.support.v4.print.PrintHelper$PrintHelperKitkatImpl
android.support.v4.print.PrintHelper$PrintHelperStubImpl
android.support.v4.print.PrintHelper$PrintHelperVersionImpl
android.support.v4.print.PrintHelperKitkat
android.support.v4.print.PrintHelperKitkat$1
android.support.v4.text.BidiFormatter
android.support.v4.text.BidiFormatter$1
android.support.v4.text.BidiFormatter$Builder
android.support.v4.text.BidiFormatter$DirectionalityEstimator
android.support.v4.text.ICUCompat
android.support.v4.text.ICUCompat$ICUCompatImpl
android.support.v4.text.ICUCompat$ICUCompatImplBase
android.support.v4.text.ICUCompat$ICUCompatImplIcs
android.support.v4.text.ICUCompatIcs
android.support.v4.text.TextDirectionHeuristicCompat
android.support.v4.text.TextDirectionHeuristicsCompat
android.support.v4.text.TextDirectionHeuristicsCompat$1
android.support.v4.text.TextDirectionHeuristicsCompat$AnyStrong
android.support.v4.text.TextDirectionHeuristicsCompat$FirstStrong
android.support.v4.text.TextDirectionHeuristicsCompat$TextDirectionAlgorithm
android.support.v4.text.TextDirectionHeuristicsCompat$TextDirectionHeuristicImpl
android.support.v4.text.TextDirectionHeuristicsCompat$TextDirectionHeuristicInternal
android.support.v4.text.TextDirectionHeuristicsCompat$TextDirectionHeuristicLocale
android.support.v4.text.TextUtilsCompat
android.support.v4.util.ArrayMap:
====    61:62:public ArrayMap(int)
====    68:69:public ArrayMap(android.support.v4.util.SimpleArrayMap)
====    130:130:public boolean containsAll(java.util.Collection)
====    151:151:public boolean removeAll(java.util.Collection)
====    161:161:public boolean retainAll(java.util.Collection)
android.support.v4.util.AtomicFile
android.support.v4.util.ContainerHelpers:
====    19:19:ContainerHelpers()
====    29:29:public static int idealLongArraySize(int)
====    65:80:static int binarySearch(long[],int,long)
android.support.v4.util.DebugUtils:
====    25:25:public DebugUtils()
android.support.v4.util.LongSparseArray
android.support.v4.util.LruCache
android.support.v4.util.SimpleArrayMap:
    private static final boolean DEBUG
    private static final java.lang.String TAG
    private static final int BASE_SIZE
    private static final int CACHE_SIZE
====    217:225:public SimpleArrayMap(int)
====    231:235:public SimpleArrayMap(android.support.v4.util.SimpleArrayMap)
====    419:432:public void putAll(android.support.v4.util.SimpleArrayMap)
android.support.v4.util.SparseArrayCompat:
====    132:136:public void removeAtRange(int,int)
====    263:268:public void setValueAt(int,java.lang.Object)
====    294:302:public int indexOfValue(java.lang.Object)
====    325:352:public void append(int,java.lang.Object)
android.support.v4.util.TimeUtils
android.support.v4.view.AccessibilityDelegateCompatIcs:
====    28:30:AccessibilityDelegateCompatIcs()
android.support.v4.view.AccessibilityDelegateCompatJellyBean:
====    30:32:AccessibilityDelegateCompatJellyBean()
android.support.v4.view.ActionProvider
android.support.v4.view.ActionProvider$SubUiVisibilityListener